Arguments: 
  /usr/local/bin/node /usr/local/bin/yarn add @types/express--dev

PATH: 
  /Library/Java/JavaVirtualMachines/adoptopenjdk-8.jdk/Contents/Home/bin:/usr/local/bin:/System/Cryptexes/App/usr/bin:/usr/bin:/bin:/usr/sbin:/sbin:/Library/Apple/usr/bin:/Library/Java/JavaVirtualMachines/adoptopenjdk-8.jdk/Contents/Home/bin:/Users/kimg1/Library/Android/sdk/emulator:/Users/kimg1/Library/Android/sdk/tools:/Users/kimg1/Library/Android/sdk/tools/bin:/Users/kimg1/Library/Android/sdk/platform-tools:/Users/kimg1/flutter/flutter/bin:/Users/kimg1/Library/Android/sdk/emulator:/Users/kimg1/Library/Android/sdk/tools:/Users/kimg1/Library/Android/sdk/tools/bin:/Users/kimg1/Library/Android/sdk/platform-tools:/Users/kimg1/flutter/flutter/bin

Yarn version: 
  1.22.10

Node version: 
  18.13.0

Platform: 
  darwin x64

Trace: 
  Error: https://registry.yarnpkg.com/@types%2fexpress--dev: Not found
      at params.callback [as _callback] (/usr/local/lib/node_modules/yarn/lib/cli.js:66988:18)
      at self.callback (/usr/local/lib/node_modules/yarn/lib/cli.js:140662:22)
      at Request.emit (node:events:513:28)
      at Request.<anonymous> (/usr/local/lib/node_modules/yarn/lib/cli.js:141634:10)
      at Request.emit (node:events:513:28)
      at IncomingMessage.<anonymous> (/usr/local/lib/node_modules/yarn/lib/cli.js:141556:12)
      at Object.onceWrapper (node:events:627:28)
      at IncomingMessage.emit (node:events:525:35)
      at endReadableNT (node:internal/streams/readable:1359:12)
      at process.processTicksAndRejections (node:internal/process/task_queues:82:21)

npm manifest: 
  {
    "name": "queue-systems",
    "version": "1.0.0",
    "description": "",
    "main": "index.js",
    "scripts": {
      "test": "echo \"Error: no test specified\" && exit 1"
    },
    "keywords": [],
    "author": "",
    "license": "ISC"
  }

yarn manifest: 
  No manifest

Lockfile: 
  # THIS IS AN AUTOGENERATED FILE. DO NOT EDIT THIS FILE DIRECTLY.
  # yarn lockfile v1
